<?xml version="1.0" encoding="UTF-8"?>
<!-- Generated by org.testng.reporters.JUnitReportReporter -->
<testsuite name="tests.StarbucksTests" tests="1" time="18.086" ignored="0" failures="0" timestamp="20 oct 2018 18:02:00 GMT" skipped="0" hostname="MX-IT01393" errors="0">
  <testcase name="GiftCardsSesion" time="18.086" classname="tests.StarbucksTests"/>
</testsuite> <!-- tests.StarbucksTests -->
